<?xml version="1.0" encoding="UTF-8"?>
<!-- Generated by org.testng.reporters.JUnitReportReporter -->
<testsuite hostname="DESKTOP-96NUCQ1" failures="0" tests="1" name="com.tests.HomePageTest" time="5.495" errors="0" timestamp="2023-07-07T08:43:00 IST" skipped="0">
  <testcase classname="com.tests.HomePageTest" name="HomeTest" time="5.495"/>
  <system-out/>
</testsuite> <!-- com.tests.HomePageTest -->
