<?xml version="1.0" encoding="UTF-8"?>
<!-- Generated by org.testng.reporters.JUnitReportReporter -->
<testsuite hostname="DESKTOP-96NUCQ1" failures="0" tests="2" name="com.tests.LoginPageTest" time="15.208" errors="0" timestamp="2023-07-07T08:43:00 IST" skipped="0">
  <testcase classname="com.tests.LoginPageTest" name="loginTitleTest" time="5.106"/>
  <system-out/>
  <testcase classname="com.tests.LoginPageTest" name="loginTest" time="10.102"/>
  <system-out/>
</testsuite> <!-- com.tests.LoginPageTest -->
